Microsoft (R) Build Engine version 15.3.409.57025 pour .NET Framework
Copyright (C) Microsoft Corporation. Tous droits r‚serv‚s.

La g‚n‚ration a d‚marr‚ 28/03/2018 12:43:01.
Projet "c:\sacha\dnn\satrabel\Website\DesktopModules\OpenForm\OpenForm92.csproj" sur le noud 1 (Rebuild cible(s)).
CoreClean:
  Suppression du fichier "c:\sacha\dnn\satrabel\Website\DesktopModules\OpenForm\obj\Release\OpenForm92.csprojResolveAssemblyReference.cache".
  Suppression du fichier "c:\sacha\dnn\satrabel\Website\DesktopModules\OpenForm\obj\Release\OpenForm92.csproj.CoreCompileInputs.cache".
  Suppression du fichier "c:\sacha\dnn\satrabel\Website\DesktopModules\OpenForm\obj\Release\Satrabel.OpenForm.dll".
  Suppression du fichier "c:\sacha\dnn\satrabel\Website\DesktopModules\OpenForm\obj\Release\Satrabel.OpenForm.pdb".
ResolveAssemblyReferences:
  Si possible, remappez app.config de l'assembly "Newtonsoft.Json, Culture=neutral, PublicKeyToken=30ad4fe6b2a6aeed" de la version "6.0.0.0" [] vers la version "10.0.0.0" [c:\sacha\dnn\satrabel\Website\DesktopModules\OpenForm\ref\dnn920\Newtonsoft.Json.dll] pour r‚soudre le conflit et ne plus recevoir l'avertissement.
C:\Program Files (x86)\Microsoft Visual Studio\2017\Enterprise\MSBuild\15.0\Bin\Microsoft.Common.CurrentVersion.targets(1987,5): warning MSB3247: Des conflits entre diff‚rentes versions du mˆme assembly d‚pendant ont ‚t‚ trouv‚s. Dans Visual Studio, double-cliquez sur cet avertissement (ou s‚lectionnez-le et appuyez sur Entr‚e) pour corriger les conflitsÿ; sinon, ajoutez les redirections de liaison suivantes au noud "runtime" dans le fichier de configuration de l'applicationÿ: <assemblyBinding xmlns="urn:schemas-microsoft-com:asm.v1"><dependentAssembly><assemblyIdentity name="Newtonsoft.Json" culture="neutral" publicKeyToken="30ad4fe6b2a6aeed" /><bindingRedirect oldVersion="0.0.0.0-10.0.0.0" newVersion="10.0.0.0" /></dependentAssembly></assemblyBinding> [c:\sacha\dnn\satrabel\Website\DesktopModules\OpenForm\OpenForm92.csproj]
GenerateTargetFrameworkMonikerAttribute:
La cible est ignor‚e "GenerateTargetFrameworkMonikerAttribute", car tous les fichiers de sortie sont … jour par rapport aux fichiers d'entr‚e.
CoreCompile:
  C:\Program Files (x86)\Microsoft Visual Studio\2017\Enterprise\MSBuild\15.0\Bin\Roslyn\csc.exe /noconfig /nowarn:1701,1702 /nostdlib+ /errorreport:prompt /warn:4 /define:TRACE /highentropyva+ /reference:c:\sacha\dnn\satrabel\Website\DesktopModules\OpenForm\ref\dnn920\ClientDependency.Core.dll /reference:c:\sacha\dnn\satrabel\Website\DesktopModules\OpenForm\ref\dnn920\DotNetNuke.dll /reference:c:\sacha\dnn\satrabel\Website\DesktopModules\OpenForm\ref\dnn920\DotNetNuke.Instrumentation.dll /reference:c:\sacha\dnn\satrabel\Website\DesktopModules\OpenForm\ref\dnn920\DotNetNuke.Web.Client.dll /reference:c:\sacha\dnn\satrabel\Website\DesktopModules\OpenForm\ref\dnn920\DotNetNuke.Web.dll /reference:c:\sacha\dnn\satrabel\Website\DesktopModules\OpenForm\ref\dnn920\DotNetNuke.WebUtility.dll /reference:c:\sacha\dnn\satrabel\Website\DesktopModules\OpenForm\ref\dnn920\ICSharpCode.SharpZipLib.dll /reference:"C:\Program Files (x86)\Reference Assemblies\Microsoft\Framework\.NETFramework\v4.5\Microsoft.CSharp.dll" /reference:"C:\Program Files (x86)\Reference Assemblies\Microsoft\Framework\.NETFramework\v4.5\mscorlib.dll" /reference:c:\sacha\dnn\satrabel\Website\DesktopModules\OpenForm\ref\dnn920\Newtonsoft.Json.dll /reference:c:\sacha\dnn\satrabel\Website\DesktopModules\OpenForm\ref\dnn920\OpenContent.dll /reference:"C:\Program Files (x86)\Reference Assemblies\Microsoft\Framework\.NETFramework\v4.5\System.ComponentModel.DataAnnotations.dll" /reference:"C:\Program Files (x86)\Reference Assemblies\Microsoft\Framework\.NETFramework\v4.5\System.Configuration.dll" /reference:"C:\Program Files (x86)\Reference Assemblies\Microsoft\Framework\.NETFramework\v4.5\System.Core.dll" /reference:"C:\Program Files (x86)\Reference Assemblies\Microsoft\Framework\.NETFramework\v4.5\System.Data.DataSetExtensions.dll" /reference:"C:\Program Files (x86)\Reference Assemblies\Microsoft\Framework\.NETFramework\v4.5\System.Data.dll" /reference:"C:\Program Files (x86)\Reference Assemblies\Microsoft\Framework\.NETFramework\v4.5\System.dll" /reference:"C:\Program Files (x86)\Reference Assemblies\Microsoft\Framework\.NETFramework\v4.5\System.EnterpriseServices.dll" /reference:"C:\Program Files (x86)\Reference Assemblies\Microsoft\Framework\.NETFramework\v4.5\System.Net.Http.dll" /reference:c:\sacha\dnn\satrabel\Website\DesktopModules\OpenForm\ref\dnn920\System.Net.Http.Formatting.dll /reference:"C:\Program Files (x86)\Reference Assemblies\Microsoft\Framework\.NETFramework\v4.5\System.Web.ApplicationServices.dll" /reference:"C:\Program Files (x86)\Reference Assemblies\Microsoft\Framework\.NETFramework\v4.5\System.Web.dll" /reference:"C:\Program Files (x86)\Reference Assemblies\Microsoft\Framework\.NETFramework\v4.5\System.Web.DynamicData.dll" /reference:"C:\Program Files (x86)\Reference Assemblies\Microsoft\Framework\.NETFramework\v4.5\System.Web.Entity.dll" /reference:"C:\Program Files (x86)\Reference Assemblies\Microsoft\Framework\.NETFramework\v4.5\System.Web.Extensions.dll" /reference:c:\sacha\dnn\satrabel\Website\DesktopModules\OpenForm\ref\dnn920\System.Web.Helpers.dll /reference:c:\sacha\dnn\satrabel\Website\DesktopModules\OpenForm\ref\dnn920\System.Web.Http.dll /reference:"C:\Program Files (x86)\Reference Assemblies\Microsoft\Framework\.NETFramework\v4.5\System.Web.Services.dll" /reference:"C:\Program Files (x86)\Reference Assemblies\Microsoft\Framework\.NETFramework\v4.5\System.Xml.dll" /debug:pdbonly /optimize+ /out:obj\Release\Satrabel.OpenForm.dll /ruleset:"C:\Program Files (x86)\Microsoft Visual Studio\2017\Enterprise\Team Tools\Static Analysis Tools\\Rule Sets\MinimumRecommendedRules.ruleset" /subsystemversion:6.00 /target:library /utf8output AlpacaFormBuilder.ascx.cs AlpacaFormBuilder.ascx.designer.cs Components\FormUtils.cs Components\FeatureController.cs Components\Logger.cs Components\OpenFormController.cs Components\OpenFormInfo.cs Components\OpenFormUtils.cs Components\OpenFormAPIController.cs Components\OpenFormRouteMapper.cs Components\Recaptcha.cs Edit.ascx.designer.cs EditData.ascx.cs EditData.ascx.designer.cs EditSettings.ascx.cs EditSettings.ascx.designer.cs EditTemplate.ascx.cs EditTemplate.ascx.designer.cs OpenFormModuleBase.cs OpenFormModuleSettingsBase.cs Edit.ascx.cs Properties\AssemblyInfo.cs ShareTemplate.ascx.cs ShareTemplate.ascx.designer.cs View.ascx.cs View.ascx.designer.cs "C:\Users\sacha\AppData\Local\Temp\.NETFramework,Version=v4.5.AssemblyAttributes.cs"
  Utilisation de la compilation partag‚e avec le compilateur du r‚pertoireÿ: C:\Program Files (x86)\Microsoft Visual Studio\2017\Enterprise\MSBuild\15.0\Bin\Roslyn
ShareTemplate.ascx.cs(94,45): warning CS0618: 'OpenContentUtils.GetTemplates(PortalSettings, int, FileUri, string)' est obsolŠteÿ: 'This method is obsolete since dec 2015; use GetTemplatesFiles(PortalSettings portalSettings, int moduleId, TemplateManifest selectedTemplate, string moduleSubDir) instead' [c:\sacha\dnn\satrabel\Website\DesktopModules\OpenForm\OpenForm92.csproj]
ShareTemplate.ascx.cs(112,48): warning CS0618: 'OpenContentUtils.GetTemplates(PortalSettings, int, FileUri, string)' est obsolŠteÿ: 'This method is obsolete since dec 2015; use GetTemplatesFiles(PortalSettings portalSettings, int moduleId, TemplateManifest selectedTemplate, string moduleSubDir) instead' [c:\sacha\dnn\satrabel\Website\DesktopModules\OpenForm\OpenForm92.csproj]
Components\FormUtils.cs(102,30): warning CS0168: La variable 'e' est d‚clar‚e, mais jamais utilis‚e [c:\sacha\dnn\satrabel\Website\DesktopModules\OpenForm\OpenForm92.csproj]
ShareTemplate.ascx.cs(329,39): warning CS0618: 'IFileManager.GetContentType(string)' est obsolŠteÿ: 'Deprecated in DNN 7.4.2.  It has been replaced by FileContentTypeManager.Instance.GetContentType(string extension)' [c:\sacha\dnn\satrabel\Website\DesktopModules\OpenForm\OpenForm92.csproj]
_CopyFilesMarkedCopyLocal:
  Copie du fichier de "c:\sacha\dnn\satrabel\Website\DesktopModules\OpenForm\ref\dnn920\ICSharpCode.SharpZipLib.dll" vers "..\..\bin\ICSharpCode.SharpZipLib.dll".
  Copie du fichier de "c:\sacha\dnn\satrabel\Website\DesktopModules\OpenForm\ref\dnn920\OpenContent.dll" vers "..\..\bin\OpenContent.dll".
  Copie du fichier de "c:\sacha\dnn\satrabel\Website\DesktopModules\OpenForm\ref\dnn920\DotNetNuke.Web.Razor.dll" vers "..\..\bin\DotNetNuke.Web.Razor.dll".
  Mise … jour de l'horodatage "c:\sacha\dnn\satrabel\Website\DesktopModules\OpenForm\obj\Release\OpenForm92.csproj.CopyComplete".
CopyFilesToOutputDirectory:
  Copie du fichier de "obj\Release\Satrabel.OpenForm.dll" vers "..\..\bin\Satrabel.OpenForm.dll".
  OpenForm92 -> c:\sacha\dnn\satrabel\Website\bin\Satrabel.OpenForm.dll
  Copie du fichier de "obj\Release\Satrabel.OpenForm.pdb" vers "..\..\bin\Satrabel.OpenForm.pdb".
PackageModule:
  Reading Xml Document "OpenForm92.dnn".
    1 node(s) selected for read.
  XmlRead Result: "03.03.01"
  Cr‚ation du r‚pertoire "c:\sacha\dnn\satrabel\Website\DesktopModules\OpenForm\Package\bin".
  Copie du fichier de "c:\sacha\dnn\satrabel\Website\DesktopModules\OpenForm\..\..\bin\Satrabel.OpenForm.dll" vers "c:\sacha\dnn\satrabel\Website\DesktopModules\OpenForm\Package\bin\Satrabel.OpenForm.dll".
  Cr‚ation du r‚pertoire "c:\sacha\dnn\satrabel\Website\DesktopModules\OpenForm\Package\Providers\DataProviders\SqlDataProvider".
  Copie du fichier de "Providers\DataProviders\SqlDataProvider\01.00.00.SqlDataProvider" vers "c:\sacha\dnn\satrabel\Website\DesktopModules\OpenForm\Package\Providers\DataProviders\SqlDataProvider\01.00.00.SqlDataProvider".
  Copie du fichier de "Providers\DataProviders\SqlDataProvider\Uninstall.SqlDataProvider" vers "c:\sacha\dnn\satrabel\Website\DesktopModules\OpenForm\Package\Providers\DataProviders\SqlDataProvider\Uninstall.SqlDataProvider".
  Copie du fichier de "OpenForm92.dnn" vers "c:\sacha\dnn\satrabel\Website\DesktopModules\OpenForm\Package\OpenForm92.dnn".
  Copie du fichier de "License.txt" vers "c:\sacha\dnn\satrabel\Website\DesktopModules\OpenForm\Package\License.txt".
  Copie du fichier de "ReleaseNotes.txt" vers "c:\sacha\dnn\satrabel\Website\DesktopModules\OpenForm\Package\ReleaseNotes.txt".
  Cr‚ation du r‚pertoire "c:\sacha\dnn\satrabel\Website\DesktopModules\OpenForm\ResourcesZip".
  Copie du fichier de "AlpacaFormBuilder.ascx" vers "c:\sacha\dnn\satrabel\Website\DesktopModules\OpenForm\ResourcesZip\AlpacaFormBuilder.ascx".
  Copie du fichier de "Edit.ascx" vers "c:\sacha\dnn\satrabel\Website\DesktopModules\OpenForm\ResourcesZip\Edit.ascx".
  Copie du fichier de "EditData.ascx" vers "c:\sacha\dnn\satrabel\Website\DesktopModules\OpenForm\ResourcesZip\EditData.ascx".
  Copie du fichier de "EditSettings.ascx" vers "c:\sacha\dnn\satrabel\Website\DesktopModules\OpenForm\ResourcesZip\EditSettings.ascx".
  Copie du fichier de "EditTemplate.ascx" vers "c:\sacha\dnn\satrabel\Website\DesktopModules\OpenForm\ResourcesZip\EditTemplate.ascx".
  Copie du fichier de "ShareTemplate.ascx" vers "c:\sacha\dnn\satrabel\Website\DesktopModules\OpenForm\ResourcesZip\ShareTemplate.ascx".
  Copie du fichier de "View.ascx" vers "c:\sacha\dnn\satrabel\Website\DesktopModules\OpenForm\ResourcesZip\View.ascx".
  Copie du fichier de "settings-options.json" vers "c:\sacha\dnn\satrabel\Website\DesktopModules\OpenForm\ResourcesZip\settings-options.json".
  Copie du fichier de "settings-schema.json" vers "c:\sacha\dnn\satrabel\Website\DesktopModules\OpenForm\ResourcesZip\settings-schema.json".
  Copie du fichier de "License.txt" vers "c:\sacha\dnn\satrabel\Website\DesktopModules\OpenForm\ResourcesZip\License.txt".
  Copie du fichier de "ReleaseNotes.txt" vers "c:\sacha\dnn\satrabel\Website\DesktopModules\OpenForm\ResourcesZip\ReleaseNotes.txt".
  Cr‚ation du r‚pertoire "c:\sacha\dnn\satrabel\Website\DesktopModules\OpenForm\ResourcesZip\js\builder".
  Copie du fichier de "js\builder\formbuilder.css" vers "c:\sacha\dnn\satrabel\Website\DesktopModules\OpenForm\ResourcesZip\js\builder\formbuilder.css".
  Copie du fichier de "js\builder\formbuilder.html" vers "c:\sacha\dnn\satrabel\Website\DesktopModules\OpenForm\ResourcesZip\js\builder\formbuilder.html".
  Copie du fichier de "js\builder\formbuilder.js" vers "c:\sacha\dnn\satrabel\Website\DesktopModules\OpenForm\ResourcesZip\js\builder\formbuilder.js".
  Cr‚ation du r‚pertoire "c:\sacha\dnn\satrabel\Website\DesktopModules\OpenForm\ResourcesZip\App_LocalResources".
  Copie du fichier de "App_LocalResources\AlpacaFormBuilder.ascx.resx" vers "c:\sacha\dnn\satrabel\Website\DesktopModules\OpenForm\ResourcesZip\App_LocalResources\AlpacaFormBuilder.ascx.resx".
  Copie du fichier de "App_LocalResources\Edit.ascx.de-DE.resx" vers "c:\sacha\dnn\satrabel\Website\DesktopModules\OpenForm\ResourcesZip\App_LocalResources\Edit.ascx.de-DE.resx".
  Copie du fichier de "App_LocalResources\Edit.ascx.es-ES.resx" vers "c:\sacha\dnn\satrabel\Website\DesktopModules\OpenForm\ResourcesZip\App_LocalResources\Edit.ascx.es-ES.resx".
  Copie du fichier de "App_LocalResources\Edit.ascx.resx" vers "c:\sacha\dnn\satrabel\Website\DesktopModules\OpenForm\ResourcesZip\App_LocalResources\Edit.ascx.resx".
  Copie du fichier de "App_LocalResources\EditData.ascx.de-DE.resx" vers "c:\sacha\dnn\satrabel\Website\DesktopModules\OpenForm\ResourcesZip\App_LocalResources\EditData.ascx.de-DE.resx".
  Copie du fichier de "App_LocalResources\EditData.ascx.resx" vers "c:\sacha\dnn\satrabel\Website\DesktopModules\OpenForm\ResourcesZip\App_LocalResources\EditData.ascx.resx".
  Copie du fichier de "App_LocalResources\EditSettings.ascx.de-DE.resx" vers "c:\sacha\dnn\satrabel\Website\DesktopModules\OpenForm\ResourcesZip\App_LocalResources\EditSettings.ascx.de-DE.resx".
  Copie du fichier de "App_LocalResources\EditSettings.ascx.es-ES.resx" vers "c:\sacha\dnn\satrabel\Website\DesktopModules\OpenForm\ResourcesZip\App_LocalResources\EditSettings.ascx.es-ES.resx".
  Copie du fichier de "App_LocalResources\EditSettings.ascx.resx" vers "c:\sacha\dnn\satrabel\Website\DesktopModules\OpenForm\ResourcesZip\App_LocalResources\EditSettings.ascx.resx".
  Copie du fichier de "App_LocalResources\EditTemplate.ascx.de-DE.resx" vers "c:\sacha\dnn\satrabel\Website\DesktopModules\OpenForm\ResourcesZip\App_LocalResources\EditTemplate.ascx.de-DE.resx".
  Copie du fichier de "App_LocalResources\EditTemplate.ascx.es-ES.resx" vers "c:\sacha\dnn\satrabel\Website\DesktopModules\OpenForm\ResourcesZip\App_LocalResources\EditTemplate.ascx.es-ES.resx".
  Copie du fichier de "App_LocalResources\EditTemplate.ascx.resx" vers "c:\sacha\dnn\satrabel\Website\DesktopModules\OpenForm\ResourcesZip\App_LocalResources\EditTemplate.ascx.resx".
  Copie du fichier de "App_LocalResources\Settings.ascx.de-DE.resx" vers "c:\sacha\dnn\satrabel\Website\DesktopModules\OpenForm\ResourcesZip\App_LocalResources\Settings.ascx.de-DE.resx".
  Copie du fichier de "App_LocalResources\Settings.ascx.es-ES.resx" vers "c:\sacha\dnn\satrabel\Website\DesktopModules\OpenForm\ResourcesZip\App_LocalResources\Settings.ascx.es-ES.resx".
  Copie du fichier de "App_LocalResources\Settings.ascx.resx" vers "c:\sacha\dnn\satrabel\Website\DesktopModules\OpenForm\ResourcesZip\App_LocalResources\Settings.ascx.resx".
  Copie du fichier de "App_LocalResources\ShareTemplate.ascx.de-DE.resx" vers "c:\sacha\dnn\satrabel\Website\DesktopModules\OpenForm\ResourcesZip\App_LocalResources\ShareTemplate.ascx.de-DE.resx".
  Copie du fichier de "App_LocalResources\ShareTemplate.ascx.es-ES.resx" vers "c:\sacha\dnn\satrabel\Website\DesktopModules\OpenForm\ResourcesZip\App_LocalResources\ShareTemplate.ascx.es-ES.resx".
  Copie du fichier de "App_LocalResources\ShareTemplate.ascx.resx" vers "c:\sacha\dnn\satrabel\Website\DesktopModules\OpenForm\ResourcesZip\App_LocalResources\ShareTemplate.ascx.resx".
  Copie du fichier de "App_LocalResources\View.ascx.de-DE.resx" vers "c:\sacha\dnn\satrabel\Website\DesktopModules\OpenForm\ResourcesZip\App_LocalResources\View.ascx.de-DE.resx".
  Copie du fichier de "App_LocalResources\View.ascx.es-ES.resx" vers "c:\sacha\dnn\satrabel\Website\DesktopModules\OpenForm\ResourcesZip\App_LocalResources\View.ascx.es-ES.resx".
  Copie du fichier de "App_LocalResources\View.ascx.fr-FR.resx" vers "c:\sacha\dnn\satrabel\Website\DesktopModules\OpenForm\ResourcesZip\App_LocalResources\View.ascx.fr-FR.resx".
  Copie du fichier de "App_LocalResources\View.ascx.nl-BE.resx" vers "c:\sacha\dnn\satrabel\Website\DesktopModules\OpenForm\ResourcesZip\App_LocalResources\View.ascx.nl-BE.resx".
  Copie du fichier de "App_LocalResources\View.ascx.resx" vers "c:\sacha\dnn\satrabel\Website\DesktopModules\OpenForm\ResourcesZip\App_LocalResources\View.ascx.resx".
  Cr‚ation du r‚pertoire "c:\sacha\dnn\satrabel\Website\DesktopModules\OpenForm\ResourcesZip\images".
  Copie du fichier de "images\edit.png" vers "c:\sacha\dnn\satrabel\Website\DesktopModules\OpenForm\ResourcesZip\images\edit.png".
  Copie du fichier de "images\editcontent2.png" vers "c:\sacha\dnn\satrabel\Website\DesktopModules\OpenForm\ResourcesZip\images\editcontent2.png".
  Copie du fichier de "images\editsettings2.png" vers "c:\sacha\dnn\satrabel\Website\DesktopModules\OpenForm\ResourcesZip\images\editsettings2.png".
  Copie du fichier de "images\edittemplate.png" vers "c:\sacha\dnn\satrabel\Website\DesktopModules\OpenForm\ResourcesZip\images\edittemplate.png".
  Copie du fichier de "images\exchange.png" vers "c:\sacha\dnn\satrabel\Website\DesktopModules\OpenForm\ResourcesZip\images\exchange.png".
  Copie du fichier de "images\formbuilder.png" vers "c:\sacha\dnn\satrabel\Website\DesktopModules\OpenForm\ResourcesZip\images\formbuilder.png".
  Copie du fichier de "images\help.png" vers "c:\sacha\dnn\satrabel\Website\DesktopModules\OpenForm\ResourcesZip\images\help.png".
  Copie du fichier de "images\icon_extensions.png" vers "c:\sacha\dnn\satrabel\Website\DesktopModules\OpenForm\ResourcesZip\images\icon_extensions.png".
  Copie du fichier de "images\settings.gif" vers "c:\sacha\dnn\satrabel\Website\DesktopModules\OpenForm\ResourcesZip\images\settings.gif".
  Copie du fichier de "images\settings.png" vers "c:\sacha\dnn\satrabel\Website\DesktopModules\OpenForm\ResourcesZip\images\settings.png".
  Creating zip file "Resources.zip".
    added "AlpacaFormBuilder.ascx".
    added "Edit.ascx".
    added "EditData.ascx".
    added "EditSettings.ascx".
    added "EditTemplate.ascx".
    added "License.txt".
    added "ReleaseNotes.txt".
    added "settings-options.json".
    added "settings-schema.json".
    added "ShareTemplate.ascx".
    added "View.ascx".
    added "App_LocalResources/AlpacaFormBuilder.ascx.resx".
    added "App_LocalResources/Edit.ascx.de-DE.resx".
    added "App_LocalResources/Edit.ascx.es-ES.resx".
    added "App_LocalResources/Edit.ascx.resx".
    added "App_LocalResources/EditData.ascx.de-DE.resx".
    added "App_LocalResources/EditData.ascx.resx".
    added "App_LocalResources/EditSettings.ascx.de-DE.resx".
    added "App_LocalResources/EditSettings.ascx.es-ES.resx".
    added "App_LocalResources/EditSettings.ascx.resx".
    added "App_LocalResources/EditTemplate.ascx.de-DE.resx".
    added "App_LocalResources/EditTemplate.ascx.es-ES.resx".
    added "App_LocalResources/EditTemplate.ascx.resx".
    added "App_LocalResources/Settings.ascx.de-DE.resx".
    added "App_LocalResources/Settings.ascx.es-ES.resx".
    added "App_LocalResources/Settings.ascx.resx".
    added "App_LocalResources/ShareTemplate.ascx.de-DE.resx".
    added "App_LocalResources/ShareTemplate.ascx.es-ES.resx".
    added "App_LocalResources/ShareTemplate.ascx.resx".
    added "App_LocalResources/View.ascx.de-DE.resx".
    added "App_LocalResources/View.ascx.es-ES.resx".
    added "App_LocalResources/View.ascx.fr-FR.resx".
    added "App_LocalResources/View.ascx.nl-BE.resx".
    added "App_LocalResources/View.ascx.resx".
    added "images/edit.png".
    added "images/editcontent2.png".
    added "images/editsettings2.png".
    added "images/edittemplate.png".
    added "images/exchange.png".
    added "images/formbuilder.png".
    added "images/help.png".
    added "images/icon_extensions.png".
    added "images/settings.gif".
    added "images/settings.png".
    added "js/builder/formbuilder.css".
    added "js/builder/formbuilder.html".
    added "js/builder/formbuilder.js".
  Created zip file "Resources.zip" successfully.
  Copie du fichier de "c:\sacha\dnn\satrabel\Website\DesktopModules\OpenForm\Resources.zip" vers "package/Resources.zip".
  Creating zip file "OpenForm92_03.03.01_Install.zip".
    added "License.txt".
    added "OpenForm92.dnn".
    added "ReleaseNotes.txt".
    added "Resources.zip".
    added "bin/Satrabel.OpenForm.dll".
    added "Providers/DataProviders/SqlDataProvider/01.00.00.SqlDataProvider".
    added "Providers/DataProviders/SqlDataProvider/Uninstall.SqlDataProvider".
  Created zip file "OpenForm92_03.03.01_Install.zip" successfully.
  Copie du fichier de "c:\sacha\dnn\satrabel\Website\DesktopModules\OpenForm\OpenForm92_03.03.01_Install.zip" vers "install/OpenForm92_03.03.01_Install.zip".
  Suppression du r‚pertoire "c:\sacha\dnn\satrabel\Website\DesktopModules\OpenForm\Package".
  Suppression du r‚pertoire "c:\sacha\dnn\satrabel\Website\DesktopModules\OpenForm\ResourcesZip".
  Cr‚ation du r‚pertoire "c:\sacha\dnn\satrabel\Website\DesktopModules\OpenForm\Package\bin".
  Copie du fichier de "c:\sacha\dnn\satrabel\Website\DesktopModules\OpenForm\..\..\bin\Satrabel.OpenForm.dll" vers "c:\sacha\dnn\satrabel\Website\DesktopModules\OpenForm\Package\bin\Satrabel.OpenForm.dll".
  Cr‚ation du r‚pertoire "c:\sacha\dnn\satrabel\Website\DesktopModules\OpenForm\Package\Providers\DataProviders\SqlDataProvider".
  Copie du fichier de "Providers\DataProviders\SqlDataProvider\01.00.00.SqlDataProvider" vers "c:\sacha\dnn\satrabel\Website\DesktopModules\OpenForm\Package\Providers\DataProviders\SqlDataProvider\01.00.00.SqlDataProvider".
  Copie du fichier de "Providers\DataProviders\SqlDataProvider\Uninstall.SqlDataProvider" vers "c:\sacha\dnn\satrabel\Website\DesktopModules\OpenForm\Package\Providers\DataProviders\SqlDataProvider\Uninstall.SqlDataProvider".
  Copie du fichier de "OpenForm92.dnn" vers "c:\sacha\dnn\satrabel\Website\DesktopModules\OpenForm\Package\OpenForm92.dnn".
  Copie du fichier de "License.txt" vers "c:\sacha\dnn\satrabel\Website\DesktopModules\OpenForm\Package\License.txt".
  Copie du fichier de "ReleaseNotes.txt" vers "c:\sacha\dnn\satrabel\Website\DesktopModules\OpenForm\Package\ReleaseNotes.txt".
  Cr‚ation du r‚pertoire "c:\sacha\dnn\satrabel\Website\DesktopModules\OpenForm\ResourcesZip".
  Copie du fichier de "AlpacaFormBuilder.ascx" vers "c:\sacha\dnn\satrabel\Website\DesktopModules\OpenForm\ResourcesZip\AlpacaFormBuilder.ascx".
  Copie du fichier de "Edit.ascx" vers "c:\sacha\dnn\satrabel\Website\DesktopModules\OpenForm\ResourcesZip\Edit.ascx".
  Copie du fichier de "EditData.ascx" vers "c:\sacha\dnn\satrabel\Website\DesktopModules\OpenForm\ResourcesZip\EditData.ascx".
  Copie du fichier de "EditSettings.ascx" vers "c:\sacha\dnn\satrabel\Website\DesktopModules\OpenForm\ResourcesZip\EditSettings.ascx".
  Copie du fichier de "EditTemplate.ascx" vers "c:\sacha\dnn\satrabel\Website\DesktopModules\OpenForm\ResourcesZip\EditTemplate.ascx".
  Copie du fichier de "ShareTemplate.ascx" vers "c:\sacha\dnn\satrabel\Website\DesktopModules\OpenForm\ResourcesZip\ShareTemplate.ascx".
  Copie du fichier de "View.ascx" vers "c:\sacha\dnn\satrabel\Website\DesktopModules\OpenForm\ResourcesZip\View.ascx".
  Copie du fichier de "License.txt" vers "c:\sacha\dnn\satrabel\Website\DesktopModules\OpenForm\ResourcesZip\License.txt".
  Copie du fichier de "ReleaseNotes.txt" vers "c:\sacha\dnn\satrabel\Website\DesktopModules\OpenForm\ResourcesZip\ReleaseNotes.txt".
  Copie du fichier de "AlpacaFormBuilder.ascx.cs" vers "c:\sacha\dnn\satrabel\Website\DesktopModules\OpenForm\ResourcesZip\AlpacaFormBuilder.ascx.cs".
  Copie du fichier de "AlpacaFormBuilder.ascx.designer.cs" vers "c:\sacha\dnn\satrabel\Website\DesktopModules\OpenForm\ResourcesZip\AlpacaFormBuilder.ascx.designer.cs".
  Copie du fichier de "Edit.ascx.cs" vers "c:\sacha\dnn\satrabel\Website\DesktopModules\OpenForm\ResourcesZip\Edit.ascx.cs".
  Copie du fichier de "Edit.ascx.designer.cs" vers "c:\sacha\dnn\satrabel\Website\DesktopModules\OpenForm\ResourcesZip\Edit.ascx.designer.cs".
  Copie du fichier de "EditData.ascx.cs" vers "c:\sacha\dnn\satrabel\Website\DesktopModules\OpenForm\ResourcesZip\EditData.ascx.cs".
  Copie du fichier de "EditData.ascx.designer.cs" vers "c:\sacha\dnn\satrabel\Website\DesktopModules\OpenForm\ResourcesZip\EditData.ascx.designer.cs".
  Copie du fichier de "EditSettings.ascx.cs" vers "c:\sacha\dnn\satrabel\Website\DesktopModules\OpenForm\ResourcesZip\EditSettings.ascx.cs".
  Copie du fichier de "EditSettings.ascx.designer.cs" vers "c:\sacha\dnn\satrabel\Website\DesktopModules\OpenForm\ResourcesZip\EditSettings.ascx.designer.cs".
  Copie du fichier de "EditTemplate.ascx.cs" vers "c:\sacha\dnn\satrabel\Website\DesktopModules\OpenForm\ResourcesZip\EditTemplate.ascx.cs".
  Copie du fichier de "EditTemplate.ascx.designer.cs" vers "c:\sacha\dnn\satrabel\Website\DesktopModules\OpenForm\ResourcesZip\EditTemplate.ascx.designer.cs".
  Copie du fichier de "OpenFormModuleBase.cs" vers "c:\sacha\dnn\satrabel\Website\DesktopModules\OpenForm\ResourcesZip\OpenFormModuleBase.cs".
  Copie du fichier de "OpenFormModuleSettingsBase.cs" vers "c:\sacha\dnn\satrabel\Website\DesktopModules\OpenForm\ResourcesZip\OpenFormModuleSettingsBase.cs".
  Copie du fichier de "ShareTemplate.ascx.cs" vers "c:\sacha\dnn\satrabel\Website\DesktopModules\OpenForm\ResourcesZip\ShareTemplate.ascx.cs".
  Copie du fichier de "ShareTemplate.ascx.designer.cs" vers "c:\sacha\dnn\satrabel\Website\DesktopModules\OpenForm\ResourcesZip\ShareTemplate.ascx.designer.cs".
  Copie du fichier de "View.ascx.cs" vers "c:\sacha\dnn\satrabel\Website\DesktopModules\OpenForm\ResourcesZip\View.ascx.cs".
  Copie du fichier de "View.ascx.designer.cs" vers "c:\sacha\dnn\satrabel\Website\DesktopModules\OpenForm\ResourcesZip\View.ascx.designer.cs".
  Copie du fichier de "OpenForm.csproj" vers "c:\sacha\dnn\satrabel\Website\DesktopModules\OpenForm\ResourcesZip\OpenForm.csproj".
  Copie du fichier de "OpenForm92.csproj" vers "c:\sacha\dnn\satrabel\Website\DesktopModules\OpenForm\ResourcesZip\OpenForm92.csproj".
  Cr‚ation du r‚pertoire "c:\sacha\dnn\satrabel\Website\DesktopModules\OpenForm\ResourcesZip\js\builder".
  Copie du fichier de "js\builder\formbuilder.css" vers "c:\sacha\dnn\satrabel\Website\DesktopModules\OpenForm\ResourcesZip\js\builder\formbuilder.css".
  Copie du fichier de "js\builder\formbuilder.html" vers "c:\sacha\dnn\satrabel\Website\DesktopModules\OpenForm\ResourcesZip\js\builder\formbuilder.html".
  Copie du fichier de "js\builder\formbuilder.js" vers "c:\sacha\dnn\satrabel\Website\DesktopModules\OpenForm\ResourcesZip\js\builder\formbuilder.js".
  Cr‚ation du r‚pertoire "c:\sacha\dnn\satrabel\Website\DesktopModules\OpenForm\ResourcesZip\App_LocalResources".
  Copie du fichier de "App_LocalResources\AlpacaFormBuilder.ascx.resx" vers "c:\sacha\dnn\satrabel\Website\DesktopModules\OpenForm\ResourcesZip\App_LocalResources\AlpacaFormBuilder.ascx.resx".
  Copie du fichier de "App_LocalResources\Edit.ascx.de-DE.resx" vers "c:\sacha\dnn\satrabel\Website\DesktopModules\OpenForm\ResourcesZip\App_LocalResources\Edit.ascx.de-DE.resx".
  Copie du fichier de "App_LocalResources\Edit.ascx.es-ES.resx" vers "c:\sacha\dnn\satrabel\Website\DesktopModules\OpenForm\ResourcesZip\App_LocalResources\Edit.ascx.es-ES.resx".
  Copie du fichier de "App_LocalResources\Edit.ascx.resx" vers "c:\sacha\dnn\satrabel\Website\DesktopModules\OpenForm\ResourcesZip\App_LocalResources\Edit.ascx.resx".
  Copie du fichier de "App_LocalResources\EditData.ascx.de-DE.resx" vers "c:\sacha\dnn\satrabel\Website\DesktopModules\OpenForm\ResourcesZip\App_LocalResources\EditData.ascx.de-DE.resx".
  Copie du fichier de "App_LocalResources\EditData.ascx.resx" vers "c:\sacha\dnn\satrabel\Website\DesktopModules\OpenForm\ResourcesZip\App_LocalResources\EditData.ascx.resx".
  Copie du fichier de "App_LocalResources\EditSettings.ascx.de-DE.resx" vers "c:\sacha\dnn\satrabel\Website\DesktopModules\OpenForm\ResourcesZip\App_LocalResources\EditSettings.ascx.de-DE.resx".
  Copie du fichier de "App_LocalResources\EditSettings.ascx.es-ES.resx" vers "c:\sacha\dnn\satrabel\Website\DesktopModules\OpenForm\ResourcesZip\App_LocalResources\EditSettings.ascx.es-ES.resx".
  Copie du fichier de "App_LocalResources\EditSettings.ascx.resx" vers "c:\sacha\dnn\satrabel\Website\DesktopModules\OpenForm\ResourcesZip\App_LocalResources\EditSettings.ascx.resx".
  Copie du fichier de "App_LocalResources\EditTemplate.ascx.de-DE.resx" vers "c:\sacha\dnn\satrabel\Website\DesktopModules\OpenForm\ResourcesZip\App_LocalResources\EditTemplate.ascx.de-DE.resx".
  Copie du fichier de "App_LocalResources\EditTemplate.ascx.es-ES.resx" vers "c:\sacha\dnn\satrabel\Website\DesktopModules\OpenForm\ResourcesZip\App_LocalResources\EditTemplate.ascx.es-ES.resx".
  Copie du fichier de "App_LocalResources\EditTemplate.ascx.resx" vers "c:\sacha\dnn\satrabel\Website\DesktopModules\OpenForm\ResourcesZip\App_LocalResources\EditTemplate.ascx.resx".
  Copie du fichier de "App_LocalResources\Settings.ascx.de-DE.resx" vers "c:\sacha\dnn\satrabel\Website\DesktopModules\OpenForm\ResourcesZip\App_LocalResources\Settings.ascx.de-DE.resx".
  Copie du fichier de "App_LocalResources\Settings.ascx.es-ES.resx" vers "c:\sacha\dnn\satrabel\Website\DesktopModules\OpenForm\ResourcesZip\App_LocalResources\Settings.ascx.es-ES.resx".
  Copie du fichier de "App_LocalResources\Settings.ascx.resx" vers "c:\sacha\dnn\satrabel\Website\DesktopModules\OpenForm\ResourcesZip\App_LocalResources\Settings.ascx.resx".
  Copie du fichier de "App_LocalResources\ShareTemplate.ascx.de-DE.resx" vers "c:\sacha\dnn\satrabel\Website\DesktopModules\OpenForm\ResourcesZip\App_LocalResources\ShareTemplate.ascx.de-DE.resx".
  Copie du fichier de "App_LocalResources\ShareTemplate.ascx.es-ES.resx" vers "c:\sacha\dnn\satrabel\Website\DesktopModules\OpenForm\ResourcesZip\App_LocalResources\ShareTemplate.ascx.es-ES.resx".
  Copie du fichier de "App_LocalResources\ShareTemplate.ascx.resx" vers "c:\sacha\dnn\satrabel\Website\DesktopModules\OpenForm\ResourcesZip\App_LocalResources\ShareTemplate.ascx.resx".
  Copie du fichier de "App_LocalResources\View.ascx.de-DE.resx" vers "c:\sacha\dnn\satrabel\Website\DesktopModules\OpenForm\ResourcesZip\App_LocalResources\View.ascx.de-DE.resx".
  Copie du fichier de "App_LocalResources\View.ascx.es-ES.resx" vers "c:\sacha\dnn\satrabel\Website\DesktopModules\OpenForm\ResourcesZip\App_LocalResources\View.ascx.es-ES.resx".
  Copie du fichier de "App_LocalResources\View.ascx.fr-FR.resx" vers "c:\sacha\dnn\satrabel\Website\DesktopModules\OpenForm\ResourcesZip\App_LocalResources\View.ascx.fr-FR.resx".
  Copie du fichier de "App_LocalResources\View.ascx.nl-BE.resx" vers "c:\sacha\dnn\satrabel\Website\DesktopModules\OpenForm\ResourcesZip\App_LocalResources\View.ascx.nl-BE.resx".
  Copie du fichier de "App_LocalResources\View.ascx.resx" vers "c:\sacha\dnn\satrabel\Website\DesktopModules\OpenForm\ResourcesZip\App_LocalResources\View.ascx.resx".
  Cr‚ation du r‚pertoire "c:\sacha\dnn\satrabel\Website\DesktopModules\OpenForm\ResourcesZip\BuildScripts\Solution\packages\MSBuildTasks.1.4.0.88\tools".
  Copie du fichier de "BuildScripts\Solution\packages\MSBuildTasks.1.4.0.88\tools\MSBuild.Community.Tasks.xml" vers "c:\sacha\dnn\satrabel\Website\DesktopModules\OpenForm\ResourcesZip\BuildScripts\Solution\packages\MSBuildTasks.1.4.0.88\tools\MSBuild.Community.Tasks.xml".
  Copie du fichier de "BuildScripts\Solution\packages\MSBuildTasks.1.4.0.88\tools\Build.proj" vers "c:\sacha\dnn\satrabel\Website\DesktopModules\OpenForm\ResourcesZip\BuildScripts\Solution\packages\MSBuildTasks.1.4.0.88\tools\Build.proj".
  Copie du fichier de "BuildScripts\Solution\packages\MSBuildTasks.1.4.0.88\tools\Install.ps1" vers "c:\sacha\dnn\satrabel\Website\DesktopModules\OpenForm\ResourcesZip\BuildScripts\Solution\packages\MSBuildTasks.1.4.0.88\tools\Install.ps1".
  Copie du fichier de "BuildScripts\Solution\packages\MSBuildTasks.1.4.0.88\tools\MSBuild.Community.Tasks.dll" vers "c:\sacha\dnn\satrabel\Website\DesktopModules\OpenForm\ResourcesZip\BuildScripts\Solution\packages\MSBuildTasks.1.4.0.88\tools\MSBuild.Community.Tasks.dll".
  Copie du fichier de "BuildScripts\Solution\packages\MSBuildTasks.1.4.0.88\tools\MSBuild.Community.Tasks.Targets" vers "c:\sacha\dnn\satrabel\Website\DesktopModules\OpenForm\ResourcesZip\BuildScripts\Solution\packages\MSBuildTasks.1.4.0.88\tools\MSBuild.Community.Tasks.Targets".
  Copie du fichier de "BuildScripts\Solution\packages\MSBuildTasks.1.4.0.88\tools\MSBuild.Community.Tasks.xsd" vers "c:\sacha\dnn\satrabel\Website\DesktopModules\OpenForm\ResourcesZip\BuildScripts\Solution\packages\MSBuildTasks.1.4.0.88\tools\MSBuild.Community.Tasks.xsd".
  Copie du fichier de "BuildScripts\Solution\packages\MSBuildTasks.1.4.0.88\tools\MSBuild.psm1" vers "c:\sacha\dnn\satrabel\Website\DesktopModules\OpenForm\ResourcesZip\BuildScripts\Solution\packages\MSBuildTasks.1.4.0.88\tools\MSBuild.psm1".
  Cr‚ation du r‚pertoire "c:\sacha\dnn\satrabel\Website\DesktopModules\OpenForm\ResourcesZip\images".
  Copie du fichier de "images\edit.png" vers "c:\sacha\dnn\satrabel\Website\DesktopModules\OpenForm\ResourcesZip\images\edit.png".
  Copie du fichier de "images\editcontent2.png" vers "c:\sacha\dnn\satrabel\Website\DesktopModules\OpenForm\ResourcesZip\images\editcontent2.png".
  Copie du fichier de "images\editsettings2.png" vers "c:\sacha\dnn\satrabel\Website\DesktopModules\OpenForm\ResourcesZip\images\editsettings2.png".
  Copie du fichier de "images\edittemplate.png" vers "c:\sacha\dnn\satrabel\Website\DesktopModules\OpenForm\ResourcesZip\images\edittemplate.png".
  Copie du fichier de "images\exchange.png" vers "c:\sacha\dnn\satrabel\Website\DesktopModules\OpenForm\ResourcesZip\images\exchange.png".
  Copie du fichier de "images\formbuilder.png" vers "c:\sacha\dnn\satrabel\Website\DesktopModules\OpenForm\ResourcesZip\images\formbuilder.png".
  Copie du fichier de "images\help.png" vers "c:\sacha\dnn\satrabel\Website\DesktopModules\OpenForm\ResourcesZip\images\help.png".
  Copie du fichier de "images\icon_extensions.png" vers "c:\sacha\dnn\satrabel\Website\DesktopModules\OpenForm\ResourcesZip\images\icon_extensions.png".
  Copie du fichier de "images\settings.gif" vers "c:\sacha\dnn\satrabel\Website\DesktopModules\OpenForm\ResourcesZip\images\settings.gif".
  Copie du fichier de "images\settings.png" vers "c:\sacha\dnn\satrabel\Website\DesktopModules\OpenForm\ResourcesZip\images\settings.png".
  Cr‚ation du r‚pertoire "c:\sacha\dnn\satrabel\Website\DesktopModules\OpenForm\ResourcesZip\Components".
  Copie du fichier de "Components\FeatureController.cs" vers "c:\sacha\dnn\satrabel\Website\DesktopModules\OpenForm\ResourcesZip\Components\FeatureController.cs".
  Copie du fichier de "Components\FormUtils.cs" vers "c:\sacha\dnn\satrabel\Website\DesktopModules\OpenForm\ResourcesZip\Components\FormUtils.cs".
  Copie du fichier de "Components\Item.cs" vers "c:\sacha\dnn\satrabel\Website\DesktopModules\OpenForm\ResourcesZip\Components\Item.cs".
  Copie du fichier de "Components\ItemController.cs" vers "c:\sacha\dnn\satrabel\Website\DesktopModules\OpenForm\ResourcesZip\Components\ItemController.cs".
  Copie du fichier de "Components\Logger.cs" vers "c:\sacha\dnn\satrabel\Website\DesktopModules\OpenForm\ResourcesZip\Components\Logger.cs".
  Copie du fichier de "Components\OpenFormAPIController.cs" vers "c:\sacha\dnn\satrabel\Website\DesktopModules\OpenForm\ResourcesZip\Components\OpenFormAPIController.cs".
  Copie du fichier de "Components\OpenFormController.cs" vers "c:\sacha\dnn\satrabel\Website\DesktopModules\OpenForm\ResourcesZip\Components\OpenFormController.cs".
  Copie du fichier de "Components\OpenFormInfo.cs" vers "c:\sacha\dnn\satrabel\Website\DesktopModules\OpenForm\ResourcesZip\Components\OpenFormInfo.cs".
  Copie du fichier de "Components\OpenFormRouteMapper.cs" vers "c:\sacha\dnn\satrabel\Website\DesktopModules\OpenForm\ResourcesZip\Components\OpenFormRouteMapper.cs".
  Copie du fichier de "Components\OpenFormUtils.cs" vers "c:\sacha\dnn\satrabel\Website\DesktopModules\OpenForm\ResourcesZip\Components\OpenFormUtils.cs".
  Copie du fichier de "Components\Recaptcha.cs" vers "c:\sacha\dnn\satrabel\Website\DesktopModules\OpenForm\ResourcesZip\Components\Recaptcha.cs".
  Cr‚ation du r‚pertoire "c:\sacha\dnn\satrabel\Website\DesktopModules\OpenForm\ResourcesZip\Properties".
  Copie du fichier de "Properties\AssemblyInfo.cs" vers "c:\sacha\dnn\satrabel\Website\DesktopModules\OpenForm\ResourcesZip\Properties\AssemblyInfo.cs".
  Cr‚ation du r‚pertoire "c:\sacha\dnn\satrabel\Website\DesktopModules\OpenForm\ResourcesZip\BuildScripts\Solution\packages\MSBuildTasks.1.4.0.88\content".
  Copie du fichier de "BuildScripts\Solution\packages\MSBuildTasks.1.4.0.88\content\MSBuild.Community.Tasks.ReadMe.md" vers "c:\sacha\dnn\satrabel\Website\DesktopModules\OpenForm\ResourcesZip\BuildScripts\Solution\packages\MSBuildTasks.1.4.0.88\content\MSBuild.Community.Tasks.ReadMe.md".
  Copie du fichier de "BuildScripts\Solution\packages\MSBuildTasks.1.4.0.88\MSBuildTasks.1.4.0.88.nupkg" vers "c:\sacha\dnn\satrabel\Website\DesktopModules\OpenForm\ResourcesZip\BuildScripts\Solution\packages\MSBuildTasks.1.4.0.88\MSBuildTasks.1.4.0.88.nupkg".
  Copie du fichier de "BuildScripts\Solution\packages\repositories.config" vers "c:\sacha\dnn\satrabel\Website\DesktopModules\OpenForm\ResourcesZip\BuildScripts\Solution\packages\repositories.config".
  Copie du fichier de "BuildScripts\ModulePackage.targets" vers "c:\sacha\dnn\satrabel\Website\DesktopModules\OpenForm\ResourcesZip\BuildScripts\ModulePackage.targets".
  Copie du fichier de "BuildScripts\MSBuild.Community.Tasks.Targets" vers "c:\sacha\dnn\satrabel\Website\DesktopModules\OpenForm\ResourcesZip\BuildScripts\MSBuild.Community.Tasks.Targets".
  Creating zip file "Resources.zip".
    added "AlpacaFormBuilder.ascx".
    added "AlpacaFormBuilder.ascx.cs".
    added "AlpacaFormBuilder.ascx.designer.cs".
    added "Edit.ascx".
    added "Edit.ascx.cs".
    added "Edit.ascx.designer.cs".
    added "EditData.ascx".
    added "EditData.ascx.cs".
    added "EditData.ascx.designer.cs".
    added "EditSettings.ascx".
    added "EditSettings.ascx.cs".
    added "EditSettings.ascx.designer.cs".
    added "EditTemplate.ascx".
    added "EditTemplate.ascx.cs".
    added "EditTemplate.ascx.designer.cs".
    added "License.txt".
    added "OpenForm.csproj".
    added "OpenForm92.csproj".
    added "OpenFormModuleBase.cs".
    added "OpenFormModuleSettingsBase.cs".
    added "ReleaseNotes.txt".
    added "ShareTemplate.ascx".
    added "ShareTemplate.ascx.cs".
    added "ShareTemplate.ascx.designer.cs".
    added "View.ascx".
    added "View.ascx.cs".
    added "View.ascx.designer.cs".
    added "App_LocalResources/AlpacaFormBuilder.ascx.resx".
    added "App_LocalResources/Edit.ascx.de-DE.resx".
    added "App_LocalResources/Edit.ascx.es-ES.resx".
    added "App_LocalResources/Edit.ascx.resx".
    added "App_LocalResources/EditData.ascx.de-DE.resx".
    added "App_LocalResources/EditData.ascx.resx".
    added "App_LocalResources/EditSettings.ascx.de-DE.resx".
    added "App_LocalResources/EditSettings.ascx.es-ES.resx".
    added "App_LocalResources/EditSettings.ascx.resx".
    added "App_LocalResources/EditTemplate.ascx.de-DE.resx".
    added "App_LocalResources/EditTemplate.ascx.es-ES.resx".
    added "App_LocalResources/EditTemplate.ascx.resx".
    added "App_LocalResources/Settings.ascx.de-DE.resx".
    added "App_LocalResources/Settings.ascx.es-ES.resx".
    added "App_LocalResources/Settings.ascx.resx".
    added "App_LocalResources/ShareTemplate.ascx.de-DE.resx".
    added "App_LocalResources/ShareTemplate.ascx.es-ES.resx".
    added "App_LocalResources/ShareTemplate.ascx.resx".
    added "App_LocalResources/View.ascx.de-DE.resx".
    added "App_LocalResources/View.ascx.es-ES.resx".
    added "App_LocalResources/View.ascx.fr-FR.resx".
    added "App_LocalResources/View.ascx.nl-BE.resx".
    added "App_LocalResources/View.ascx.resx".
    added "BuildScripts/ModulePackage.targets".
    added "BuildScripts/MSBuild.Community.Tasks.Targets".
    added "BuildScripts/Solution/packages/repositories.config".
    added "BuildScripts/Solution/packages/MSBuildTasks.1.4.0.88/MSBuildTasks.1.4.0.88.nupkg".
    added "BuildScripts/Solution/packages/MSBuildTasks.1.4.0.88/content/MSBuild.Community.Tasks.ReadMe.md".
    added "BuildScripts/Solution/packages/MSBuildTasks.1.4.0.88/tools/Build.proj".
    added "BuildScripts/Solution/packages/MSBuildTasks.1.4.0.88/tools/Install.ps1".
    added "BuildScripts/Solution/packages/MSBuildTasks.1.4.0.88/tools/MSBuild.Community.Tasks.dll".
    added "BuildScripts/Solution/packages/MSBuildTasks.1.4.0.88/tools/MSBuild.Community.Tasks.Targets".
    added "BuildScripts/Solution/packages/MSBuildTasks.1.4.0.88/tools/MSBuild.Community.Tasks.xml".
    added "BuildScripts/Solution/packages/MSBuildTasks.1.4.0.88/tools/MSBuild.Community.Tasks.xsd".
    added "BuildScripts/Solution/packages/MSBuildTasks.1.4.0.88/tools/MSBuild.psm1".
    added "Components/FeatureController.cs".
    added "Components/FormUtils.cs".
    added "Components/Item.cs".
    added "Components/ItemController.cs".
    added "Components/Logger.cs".
    added "Components/OpenFormAPIController.cs".
    added "Components/OpenFormController.cs".
    added "Components/OpenFormInfo.cs".
    added "Components/OpenFormRouteMapper.cs".
    added "Components/OpenFormUtils.cs".
    added "Components/Recaptcha.cs".
    added "images/edit.png".
    added "images/editcontent2.png".
    added "images/editsettings2.png".
    added "images/edittemplate.png".
    added "images/exchange.png".
    added "images/formbuilder.png".
    added "images/help.png".
    added "images/icon_extensions.png".
    added "images/settings.gif".
    added "images/settings.png".
    added "js/builder/formbuilder.css".
    added "js/builder/formbuilder.html".
    added "js/builder/formbuilder.js".
    added "Properties/AssemblyInfo.cs".
  Created zip file "Resources.zip" successfully.
  Copie du fichier de "c:\sacha\dnn\satrabel\Website\DesktopModules\OpenForm\Resources.zip" vers "package/Resources.zip".
  Creating zip file "OpenForm92_03.03.01_Source.zip".
    added "License.txt".
    added "OpenForm92.dnn".
    added "ReleaseNotes.txt".
    added "Resources.zip".
    added "bin/Satrabel.OpenForm.dll".
    added "Providers/DataProviders/SqlDataProvider/01.00.00.SqlDataProvider".
    added "Providers/DataProviders/SqlDataProvider/Uninstall.SqlDataProvider".
  Created zip file "OpenForm92_03.03.01_Source.zip" successfully.
  Copie du fichier de "c:\sacha\dnn\satrabel\Website\DesktopModules\OpenForm\OpenForm92_03.03.01_Source.zip" vers "install/OpenForm92_03.03.01_Source.zip".
  Suppression du fichier "c:\sacha\dnn\satrabel\Website\DesktopModules\OpenForm\OpenForm92_03.03.01_Install.zip".
  Suppression du fichier "c:\sacha\dnn\satrabel\Website\DesktopModules\OpenForm\OpenForm92_03.03.01_Source.zip".
  Suppression du fichier "c:\sacha\dnn\satrabel\Website\DesktopModules\OpenForm\Resources.Zip".
  Suppression du r‚pertoire "c:\sacha\dnn\satrabel\Website\DesktopModules\OpenForm\Package".
  Suppression du r‚pertoire "c:\sacha\dnn\satrabel\Website\DesktopModules\OpenForm\ResourcesZip".
G‚n‚ration du projet "c:\sacha\dnn\satrabel\Website\DesktopModules\OpenForm\OpenForm92.csproj" termin‚e (Rebuild cible(s)).

La g‚n‚ration a r‚ussi.

"c:\sacha\dnn\satrabel\Website\DesktopModules\OpenForm\OpenForm92.csproj" (Rebuild cible) (1) ->
(ResolveAssemblyReferences cible) -> 
  C:\Program Files (x86)\Microsoft Visual Studio\2017\Enterprise\MSBuild\15.0\Bin\Microsoft.Common.CurrentVersion.targets(1987,5): warning MSB3247: Des conflits entre diff‚rentes versions du mˆme assembly d‚pendant ont ‚t‚ trouv‚s. Dans Visual Studio, double-cliquez sur cet avertissement (ou s‚lectionnez-le et appuyez sur Entr‚e) pour corriger les conflitsÿ; sinon, ajoutez les redirections de liaison suivantes au noud "runtime" dans le fichier de configuration de l'applicationÿ: <assemblyBinding xmlns="urn:schemas-microsoft-com:asm.v1"><dependentAssembly><assemblyIdentity name="Newtonsoft.Json" culture="neutral" publicKeyToken="30ad4fe6b2a6aeed" /><bindingRedirect oldVersion="0.0.0.0-10.0.0.0" newVersion="10.0.0.0" /></dependentAssembly></assemblyBinding> [c:\sacha\dnn\satrabel\Website\DesktopModules\OpenForm\OpenForm92.csproj]


"c:\sacha\dnn\satrabel\Website\DesktopModules\OpenForm\OpenForm92.csproj" (Rebuild cible) (1) ->
(CoreCompile cible) -> 
  ShareTemplate.ascx.cs(94,45): warning CS0618: 'OpenContentUtils.GetTemplates(PortalSettings, int, FileUri, string)' est obsolŠteÿ: 'This method is obsolete since dec 2015; use GetTemplatesFiles(PortalSettings portalSettings, int moduleId, TemplateManifest selectedTemplate, string moduleSubDir) instead' [c:\sacha\dnn\satrabel\Website\DesktopModules\OpenForm\OpenForm92.csproj]
  ShareTemplate.ascx.cs(112,48): warning CS0618: 'OpenContentUtils.GetTemplates(PortalSettings, int, FileUri, string)' est obsolŠteÿ: 'This method is obsolete since dec 2015; use GetTemplatesFiles(PortalSettings portalSettings, int moduleId, TemplateManifest selectedTemplate, string moduleSubDir) instead' [c:\sacha\dnn\satrabel\Website\DesktopModules\OpenForm\OpenForm92.csproj]
  Components\FormUtils.cs(102,30): warning CS0168: La variable 'e' est d‚clar‚e, mais jamais utilis‚e [c:\sacha\dnn\satrabel\Website\DesktopModules\OpenForm\OpenForm92.csproj]
  ShareTemplate.ascx.cs(329,39): warning CS0618: 'IFileManager.GetContentType(string)' est obsolŠteÿ: 'Deprecated in DNN 7.4.2.  It has been replaced by FileContentTypeManager.Instance.GetContentType(string extension)' [c:\sacha\dnn\satrabel\Website\DesktopModules\OpenForm\OpenForm92.csproj]

    5 Avertissement(s)
    0 Erreur(s)

Temps ‚coul‚ 00:00:22.93
